<?xml version="1.0" encoding="UTF-8"?>
<!-- Generated by org.testng.reporters.JUnitReportReporter -->
<testsuite hostname="lapapotte" name="org.openrefine.wikidata.schema.WbDateConstantTest" tests="6" failures="1" timestamp="6 Jan 2020 12:28:47 GMT" time="0.042" errors="0">
  <testcase name="testPartlyValid" time="0.003" classname="org.openrefine.wikidata.schema.WbDateConstantTest"/>
  <testcase name="testToday" time="0.006" classname="org.openrefine.wikidata.schema.WbDateConstantTest">
    <failure type="java.lang.AssertionError" message="expected [2020-01-06 (Prec.: day [-0 .. +0], PCal: Gregorian)] but found [2020-00-07 (Prec.: day [-0 .. +0], PCal: Gregorian)]">
      <![CDATA[java.lang.AssertionError: expected [2020-01-06 (Prec.: day [-0 .. +0], PCal: Gregorian)] but found [2020-00-07 (Prec.: day [-0 .. +0], PCal: Gregorian)]
	at org.testng.Assert.fail(Assert.java:94)
	at org.testng.Assert.failNotEquals(Assert.java:513)
	at org.testng.Assert.assertEqualsImpl(Assert.java:135)
	at org.testng.Assert.assertEquals(Assert.java:116)
	at org.testng.Assert.assertEquals(Assert.java:179)
	at org.openrefine.wikidata.schema.WbExpressionTest.evaluatesTo(WbExpressionTest.java:70)
	at org.openrefine.wikidata.schema.WbDateConstantTest.testToday(WbDateConstantTest.java:100)
	at sun.reflect.NativeMethodAccessorImpl.invoke0(Native Method)
	at sun.reflect.NativeMethodAccessorImpl.invoke(NativeMethodAccessorImpl.java:62)
	at sun.reflect.DelegatingMethodAccessorImpl.invoke(DelegatingMethodAccessorImpl.java:43)
	at java.lang.reflect.Method.invoke(Method.java:498)
	at org.testng.internal.MethodInvocationHelper.invokeMethod(MethodInvocationHelper.java:86)
	at org.testng.internal.Invoker.invokeMethod(Invoker.java:643)
	at org.testng.internal.Invoker.invokeTestMethod(Invoker.java:820)
	at org.testng.internal.Invoker.invokeTestMethods(Invoker.java:1128)
	at org.testng.internal.TestMethodWorker.invokeTestMethods(TestMethodWorker.java:129)
	at org.testng.internal.TestMethodWorker.run(TestMethodWorker.java:112)
	at org.testng.TestRunner.privateRun(TestRunner.java:782)
	at org.testng.TestRunner.run(TestRunner.java:632)
	at org.testng.SuiteRunner.runTest(SuiteRunner.java:366)
	at org.testng.SuiteRunner.runSequentially(SuiteRunner.java:361)
	at org.testng.SuiteRunner.privateRun(SuiteRunner.java:319)
	at org.testng.SuiteRunner.run(SuiteRunner.java:268)
	at org.testng.SuiteRunnerWorker.runSuite(SuiteRunnerWorker.java:52)
	at org.testng.SuiteRunnerWorker.run(SuiteRunnerWorker.java:86)
	at org.testng.TestNG.runSuitesSequentially(TestNG.java:1244)
	at org.testng.TestNG.runSuitesLocally(TestNG.java:1169)
	at org.testng.TestNG.run(TestNG.java:1064)
	at org.testng.remote.AbstractRemoteTestNG.run(AbstractRemoteTestNG.java:114)
	at org.testng.remote.RemoteTestNG.initAndRun(RemoteTestNG.java:251)
	at org.testng.remote.RemoteTestNG.main(RemoteTestNG.java:77)
]]>
    </failure>
  </testcase> <!-- testToday -->
  <testcase name="testInvalidCalendar" time="0.004" classname="org.openrefine.wikidata.schema.WbDateConstantTest"/>
  <testcase name="testSerialize" time="0.016" classname="org.openrefine.wikidata.schema.WbDateConstantTest"/>
  <testcase name="testEvaluate" time="0.006" classname="org.openrefine.wikidata.schema.WbDateConstantTest"/>
  <testcase name="testInvalid" time="0.007" classname="org.openrefine.wikidata.schema.WbDateConstantTest"/>
</testsuite> <!-- org.openrefine.wikidata.schema.WbDateConstantTest -->
